2022-11-15 20:42:16,034:INFO:PyCaret Supervised Module
2022-11-15 20:42:16,034:INFO:ML Usecase: regression
2022-11-15 20:42:16,034:INFO:version 2.3.10
2022-11-15 20:42:16,034:INFO:Initializing setup()
2022-11-15 20:42:16,035:INFO:setup(target=Events, ml_usecase=regression, available_plots={'parameter': 'Hyperparameters', 'residuals': 'Residuals', 'error': 'Prediction Error', 'cooks': 'Cooks Distance', 'rfe': 'Feature Selection', 'learning': 'Learning Curve', 'manifold': 'Manifold Learning', 'vc': 'Validation Curve', 'feature': 'Feature Importance', 'feature_all': 'Feature Importance (All)', 'tree': 'Decision Tree', 'residuals_interactive': 'Interactive Residuals'}, train_size=0.7, test_data=None, preprocess=True, imputation_type=simple, iterative_imputation_iters=5, categorical_features=None, categorical_imputation=constant, categorical_iterative_imputer=lightgbm, ordinal_features=None, high_cardinality_features=None, high_cardinality_method=frequency, numeric_features=None, numeric_imputation=mean, numeric_iterative_imputer=lightgbm, date_features=None, ignore_features=None, normalize=False, normalize_method=zscore, transformation=False, transformation_method=yeo-johnson, handle_unknown_categorical=True, unknown_categorical_method=least_frequent, pca=False, pca_method=linear, pca_components=None, ignore_low_variance=False, combine_rare_levels=False, rare_level_threshold=0.1, bin_numeric_features=None, remove_outliers=False, outliers_threshold=0.05, remove_multicollinearity=False, multicollinearity_threshold=0.9, remove_perfect_collinearity=True, create_clusters=False, cluster_iter=20, polynomial_features=False, polynomial_degree=2, trigonometry_features=False, polynomial_threshold=0.1, group_features=None, group_names=None, feature_selection=False, feature_selection_threshold=0.8, feature_selection_method=classic, feature_interaction=False, feature_ratio=False, interaction_threshold=0.01, fix_imbalance=False, fix_imbalance_method=None, transform_target=False, transform_target_method=box-cox, data_split_shuffle=True, data_split_stratify=False, fold_strategy=kfold, fold=10, fold_shuffle=False, fold_groups=None, n_jobs=-1, use_gpu=False, custom_pipeline=None, html=True, session_id=123, log_experiment=False, experiment_name=None, experiment_custom_tags=None, log_plots=False, log_profile=False, log_data=False, silent=False, verbose=True, profile=False, profile_kwargs=None, display=None)
2022-11-15 20:42:16,035:INFO:Checking environment
2022-11-15 20:42:16,035:INFO:python_version: 3.8.15
2022-11-15 20:42:16,035:INFO:python_build: ('default', 'Nov  4 2022 20:59:55')
2022-11-15 20:42:16,035:INFO:machine: x86_64
2022-11-15 20:42:16,035:INFO:platform: Linux-5.15.0-52-generic-x86_64-with-glibc2.17
2022-11-15 20:42:16,035:INFO:Memory: svmem(total=16611348480, available=12715655168, percent=23.5, used=3375030272, free=10426462208, active=1078452224, inactive=4103000064, buffers=215699456, cached=2594156544, shared=175534080, slab=460795904)
2022-11-15 20:42:16,037:INFO:Physical Core: 12
2022-11-15 20:42:16,037:INFO:Logical Core: 12
2022-11-15 20:42:16,037:INFO:Checking libraries
2022-11-15 20:42:16,037:INFO:pd==1.5.1
2022-11-15 20:42:16,037:INFO:numpy==1.20.3
2022-11-15 20:42:16,037:INFO:sklearn==0.23.2
2022-11-15 20:42:16,038:INFO:lightgbm==3.3.3
2022-11-15 20:42:16,039:WARNING:catboost not found
2022-11-15 20:42:16,039:WARNING:xgboost not found
2022-11-15 20:42:16,039:INFO:mlflow==1.30.0
2022-11-15 20:42:16,039:INFO:Checking Exceptions
2022-11-15 20:42:16,039:INFO:Declaring global variables
2022-11-15 20:42:16,039:INFO:USI: 387e
2022-11-15 20:42:16,039:INFO:pycaret_globals: {'master_model_container', '_gpu_n_jobs_param', 'imputation_regressor', 'pycaret_globals', 'experiment__', 'iterative_imputation_iters_param', 'fold_shuffle_param', '_all_metrics', 'X', 'X_train', 'y', 'imputation_classifier', '_ml_usecase', 'data_before_preprocess', 'USI', 'fold_generator', 'y_test', '_available_plots', 'gpu_param', 'fix_imbalance_method_param', 'log_plots_param', 'X_test', 'fold_groups_param', 'create_model_container', 'display_container', 'fix_imbalance_param', 'fold_param', 'fold_groups_param_full', 'transform_target_param', '_all_models', 'n_jobs_param', 'y_train', '_internal_pipeline', 'seed', 'exp_name_log', 'stratify_param', 'target_param', 'prep_pipe', 'transform_target_method_param', '_all_models_internal', 'dashboard_logger', 'logging_param', 'html_param'}
2022-11-15 20:42:16,039:INFO:Preparing display monitor
2022-11-15 20:42:16,039:INFO:Preparing display monitor
2022-11-15 20:42:16,049:INFO:Importing libraries
2022-11-15 20:42:16,049:INFO:Copying data for preprocessing
2022-11-15 20:42:16,057:INFO:Declaring preprocessing parameters
2022-11-15 20:42:16,058:INFO:Creating preprocessing pipeline
2022-11-15 20:42:16,077:INFO:Preprocessing pipeline created successfully
2022-11-15 20:42:16,077:ERROR:(Process Exit): setup has been interupted with user command 'quit'. setup must rerun.
2022-11-15 20:42:16,077:INFO:Creating global containers
2022-11-15 20:42:16,079:INFO:Internal pipeline: Pipeline(memory=None, steps=[('empty_step', 'passthrough')], verbose=False)
2022-11-15 20:44:32,394:INFO:PyCaret Supervised Module
2022-11-15 20:44:32,394:INFO:ML Usecase: regression
2022-11-15 20:44:32,394:INFO:version 2.3.10
2022-11-15 20:44:32,394:INFO:Initializing setup()
2022-11-15 20:44:32,394:INFO:setup(target=Events, ml_usecase=regression, available_plots={'parameter': 'Hyperparameters', 'residuals': 'Residuals', 'error': 'Prediction Error', 'cooks': 'Cooks Distance', 'rfe': 'Feature Selection', 'learning': 'Learning Curve', 'manifold': 'Manifold Learning', 'vc': 'Validation Curve', 'feature': 'Feature Importance', 'feature_all': 'Feature Importance (All)', 'tree': 'Decision Tree', 'residuals_interactive': 'Interactive Residuals'}, train_size=0.7, test_data=None, preprocess=True, imputation_type=simple, iterative_imputation_iters=5, categorical_features=None, categorical_imputation=constant, categorical_iterative_imputer=lightgbm, ordinal_features=None, high_cardinality_features=None, high_cardinality_method=frequency, numeric_features=None, numeric_imputation=mean, numeric_iterative_imputer=lightgbm, date_features=None, ignore_features=None, normalize=False, normalize_method=zscore, transformation=False, transformation_method=yeo-johnson, handle_unknown_categorical=True, unknown_categorical_method=least_frequent, pca=False, pca_method=linear, pca_components=None, ignore_low_variance=False, combine_rare_levels=False, rare_level_threshold=0.1, bin_numeric_features=None, remove_outliers=False, outliers_threshold=0.05, remove_multicollinearity=False, multicollinearity_threshold=0.9, remove_perfect_collinearity=True, create_clusters=False, cluster_iter=20, polynomial_features=False, polynomial_degree=2, trigonometry_features=False, polynomial_threshold=0.1, group_features=None, group_names=None, feature_selection=False, feature_selection_threshold=0.8, feature_selection_method=classic, feature_interaction=False, feature_ratio=False, interaction_threshold=0.01, fix_imbalance=False, fix_imbalance_method=None, transform_target=False, transform_target_method=box-cox, data_split_shuffle=True, data_split_stratify=False, fold_strategy=kfold, fold=10, fold_shuffle=False, fold_groups=None, n_jobs=-1, use_gpu=False, custom_pipeline=None, html=True, session_id=123, log_experiment=False, experiment_name=None, experiment_custom_tags=None, log_plots=False, log_profile=False, log_data=False, silent=False, verbose=True, profile=False, profile_kwargs=None, display=None)
2022-11-15 20:44:32,394:INFO:Checking environment
2022-11-15 20:44:32,394:INFO:python_version: 3.8.15
2022-11-15 20:44:32,394:INFO:python_build: ('default', 'Nov  4 2022 20:59:55')
2022-11-15 20:44:32,394:INFO:machine: x86_64
2022-11-15 20:44:32,394:INFO:platform: Linux-5.15.0-52-generic-x86_64-with-glibc2.17
2022-11-15 20:44:32,395:INFO:Memory: svmem(total=16611348480, available=12662702080, percent=23.8, used=3406024704, free=10370371584, active=1079414784, inactive=4119900160, buffers=215896064, cached=2619056128, shared=197472256, slab=461254656)
2022-11-15 20:44:32,395:INFO:Physical Core: 12
2022-11-15 20:44:32,395:INFO:Logical Core: 12
2022-11-15 20:44:32,395:INFO:Checking libraries
2022-11-15 20:44:32,395:INFO:pd==1.5.1
2022-11-15 20:44:32,395:INFO:numpy==1.20.3
2022-11-15 20:44:32,395:INFO:sklearn==0.23.2
2022-11-15 20:44:32,395:INFO:lightgbm==3.3.3
2022-11-15 20:44:32,396:WARNING:catboost not found
2022-11-15 20:44:32,396:WARNING:xgboost not found
2022-11-15 20:44:32,396:INFO:mlflow==1.30.0
2022-11-15 20:44:32,396:INFO:Checking Exceptions
2022-11-15 20:44:32,396:INFO:Declaring global variables
2022-11-15 20:44:32,396:INFO:USI: 51f9
2022-11-15 20:44:32,396:INFO:pycaret_globals: {'master_model_container', '_gpu_n_jobs_param', 'imputation_regressor', 'pycaret_globals', 'experiment__', 'iterative_imputation_iters_param', 'fold_shuffle_param', '_all_metrics', 'X', 'X_train', 'y', 'imputation_classifier', '_ml_usecase', 'data_before_preprocess', 'USI', 'fold_generator', 'y_test', '_available_plots', 'gpu_param', 'fix_imbalance_method_param', 'log_plots_param', 'X_test', 'fold_groups_param', 'create_model_container', 'display_container', 'fix_imbalance_param', 'fold_param', 'fold_groups_param_full', 'transform_target_param', '_all_models', 'n_jobs_param', 'y_train', '_internal_pipeline', 'seed', 'exp_name_log', 'stratify_param', 'target_param', 'prep_pipe', 'transform_target_method_param', '_all_models_internal', 'dashboard_logger', 'logging_param', 'html_param'}
2022-11-15 20:44:32,396:INFO:Preparing display monitor
2022-11-15 20:44:32,396:INFO:Preparing display monitor
2022-11-15 20:44:32,406:INFO:Importing libraries
2022-11-15 20:44:32,406:INFO:Copying data for preprocessing
2022-11-15 20:44:32,413:INFO:Declaring preprocessing parameters
2022-11-15 20:44:32,414:INFO:Creating preprocessing pipeline
2022-11-15 20:44:32,423:INFO:Preprocessing pipeline created successfully
2022-11-15 20:44:32,423:ERROR:(Process Exit): setup has been interupted with user command 'quit'. setup must rerun.
2022-11-15 20:44:32,423:INFO:Creating global containers
2022-11-15 20:44:32,424:INFO:Internal pipeline: Pipeline(memory=None, steps=[('empty_step', 'passthrough')], verbose=False)
2022-11-15 20:46:48,755:INFO:PyCaret Supervised Module
2022-11-15 20:46:48,755:INFO:ML Usecase: regression
2022-11-15 20:46:48,755:INFO:version 2.3.10
2022-11-15 20:46:48,755:INFO:Initializing setup()
2022-11-15 20:46:48,755:INFO:setup(target=Events, ml_usecase=regression, available_plots={'parameter': 'Hyperparameters', 'residuals': 'Residuals', 'error': 'Prediction Error', 'cooks': 'Cooks Distance', 'rfe': 'Feature Selection', 'learning': 'Learning Curve', 'manifold': 'Manifold Learning', 'vc': 'Validation Curve', 'feature': 'Feature Importance', 'feature_all': 'Feature Importance (All)', 'tree': 'Decision Tree', 'residuals_interactive': 'Interactive Residuals'}, train_size=0.7, test_data=None, preprocess=True, imputation_type=simple, iterative_imputation_iters=5, categorical_features=None, categorical_imputation=constant, categorical_iterative_imputer=lightgbm, ordinal_features=None, high_cardinality_features=None, high_cardinality_method=frequency, numeric_features=None, numeric_imputation=mean, numeric_iterative_imputer=lightgbm, date_features=None, ignore_features=None, normalize=False, normalize_method=zscore, transformation=False, transformation_method=yeo-johnson, handle_unknown_categorical=True, unknown_categorical_method=least_frequent, pca=False, pca_method=linear, pca_components=None, ignore_low_variance=False, combine_rare_levels=False, rare_level_threshold=0.1, bin_numeric_features=None, remove_outliers=False, outliers_threshold=0.05, remove_multicollinearity=False, multicollinearity_threshold=0.9, remove_perfect_collinearity=True, create_clusters=False, cluster_iter=20, polynomial_features=False, polynomial_degree=2, trigonometry_features=False, polynomial_threshold=0.1, group_features=None, group_names=None, feature_selection=False, feature_selection_threshold=0.8, feature_selection_method=classic, feature_interaction=False, feature_ratio=False, interaction_threshold=0.01, fix_imbalance=False, fix_imbalance_method=None, transform_target=False, transform_target_method=box-cox, data_split_shuffle=True, data_split_stratify=False, fold_strategy=kfold, fold=10, fold_shuffle=False, fold_groups=None, n_jobs=-1, use_gpu=False, custom_pipeline=None, html=True, session_id=123, log_experiment=False, experiment_name=None, experiment_custom_tags=None, log_plots=False, log_profile=False, log_data=False, silent=False, verbose=True, profile=False, profile_kwargs=None, display=None)
2022-11-15 20:46:48,756:INFO:Checking environment
2022-11-15 20:46:48,756:INFO:python_version: 3.8.15
2022-11-15 20:46:48,756:INFO:python_build: ('default', 'Nov  4 2022 20:59:55')
2022-11-15 20:46:48,756:INFO:machine: x86_64
2022-11-15 20:46:48,756:INFO:platform: Linux-5.15.0-52-generic-x86_64-with-glibc2.17
2022-11-15 20:46:48,756:INFO:Memory: svmem(total=16611348480, available=12697743360, percent=23.6, used=3392163840, free=10395754496, active=1178882048, inactive=3973709824, buffers=217272320, cached=2606157824, shared=176295936, slab=463982592)
2022-11-15 20:46:48,757:INFO:Physical Core: 12
2022-11-15 20:46:48,757:INFO:Logical Core: 12
2022-11-15 20:46:48,757:INFO:Checking libraries
2022-11-15 20:46:48,757:INFO:pd==1.5.1
2022-11-15 20:46:48,757:INFO:numpy==1.20.3
2022-11-15 20:46:48,757:INFO:sklearn==0.23.2
2022-11-15 20:46:48,757:INFO:lightgbm==3.3.3
2022-11-15 20:46:48,757:WARNING:catboost not found
2022-11-15 20:46:48,757:WARNING:xgboost not found
2022-11-15 20:46:48,757:INFO:mlflow==1.30.0
2022-11-15 20:46:48,758:INFO:Checking Exceptions
2022-11-15 20:46:48,758:INFO:Declaring global variables
2022-11-15 20:46:48,758:INFO:USI: 5921
2022-11-15 20:46:48,758:INFO:pycaret_globals: {'pycaret_globals', 'USI', '_all_metrics', 'log_plots_param', 'html_param', 'create_model_container', 'n_jobs_param', 'transform_target_method_param', 'X', 'experiment__', 'fix_imbalance_param', 'seed', 'y_test', 'X_train', '_ml_usecase', 'fold_groups_param_full', 'imputation_classifier', 'gpu_param', 'X_test', 'imputation_regressor', 'fold_groups_param', 'prep_pipe', 'y_train', 'display_container', 'data_before_preprocess', 'dashboard_logger', 'fix_imbalance_method_param', 'fold_shuffle_param', 'master_model_container', 'exp_name_log', 'y', '_gpu_n_jobs_param', '_internal_pipeline', 'iterative_imputation_iters_param', '_all_models_internal', 'logging_param', '_all_models', 'fold_param', 'target_param', 'fold_generator', 'transform_target_param', '_available_plots', 'stratify_param'}
2022-11-15 20:46:48,758:INFO:Preparing display monitor
2022-11-15 20:46:48,758:INFO:Preparing display monitor
2022-11-15 20:46:48,768:INFO:Importing libraries
2022-11-15 20:46:48,769:INFO:Copying data for preprocessing
2022-11-15 20:46:48,775:INFO:Declaring preprocessing parameters
2022-11-15 20:46:48,777:INFO:Creating preprocessing pipeline
2022-11-15 20:46:48,783:INFO:Preprocessing pipeline created successfully
2022-11-15 20:46:48,784:ERROR:(Process Exit): setup has been interupted with user command 'quit'. setup must rerun.
2022-11-15 20:46:48,784:INFO:Creating global containers
2022-11-15 20:46:48,785:INFO:Internal pipeline: Pipeline(memory=None, steps=[('empty_step', 'passthrough')], verbose=False)
2022-11-15 20:46:54,684:INFO:Initializing compare_models()
2022-11-15 20:46:54,684:INFO:compare_models(include=None, fold=None, round=4, cross_validation=True, sort=R2, n_select=1, budget_time=None, turbo=True, errors=ignore, fit_kwargs=None, groups=None, experiment_custom_tags=None, probability_threshold=None, verbose=True, display=None, exclude=None)
2022-11-15 20:46:54,684:INFO:Checking exceptions
